# JRE version: OpenJDK Runtime Environment SapMachine (17.0.9) (build 17.0.9+0-LTS)
# Java VM: OpenJDK 64-Bit Server VM SapMachine (17.0.9+0-LTS, mixed mode, sharing, tiered, compressed oops, compressed class ptrs, g1 gc, windows-amd64)
GC Precious Log:
 CPUs: 6 total, 6 available
 Memory: 24411M
 Large Page Support: Disabled
 NUMA Support: Disabled
 Compressed Oops: Enabled (Zero based)
 Heap Region Size: 4M
 Heap Min Capacity: 8M
 Heap Initial Capacity: 384M
 Heap Max Capacity: 6104M
 Pre-touch: Disabled
 Parallel Workers: 6
 Concurrent Workers: 2
 Concurrent Refinement Workers: 6
 Periodic GC: Disabled
Heap:
 garbage-first heap   total 233472K, used 37862K [0x0000000682800000, 0x0000000800000000)
  region size 4096K, 7 young (28672K), 1 survivors (4096K)
 Metaspace       used 33988K, committed 34432K, reserved 1114112K
  class space    used 4339K, committed 4544K, reserved 1048576K
GC Heap History (14 events):
Event: 0.582 GC heap before
{Heap before GC invocations=0 (full 0):
 garbage-first heap   total 393216K, used 16384K [0x0000000682800000, 0x0000000800000000)
  region size 4096K, 4 young (16384K), 0 survivors (0K)
 Metaspace       used 3593K, committed 3712K, reserved 1114112K
  class space    used 368K, committed 448K, reserved 1048576K
}
Event: 0.585 GC heap after
{Heap after GC invocations=1 (full 0):
 garbage-first heap   total 393216K, used 4879K [0x0000000682800000, 0x0000000800000000)
  region size 4096K, 1 young (4096K), 1 survivors (4096K)
 Metaspace       used 3593K, committed 3712K, reserved 1114112K
  class space    used 368K, committed 448K, reserved 1048576K
}
Event: 0.812 GC heap before
{Heap before GC invocations=1 (full 0):
 garbage-first heap   total 393216K, used 17167K [0x0000000682800000, 0x0000000800000000)
  region size 4096K, 4 young (16384K), 1 survivors (4096K)
 Metaspace       used 6301K, committed 6464K, reserved 1114112K
  class space    used 745K, committed 832K, reserved 1048576K
}
Event: 0.815 GC heap after
{Heap after GC invocations=2 (full 0):
 garbage-first heap   total 393216K, used 5803K [0x0000000682800000, 0x0000000800000000)
  region size 4096K, 1 young (4096K), 1 survivors (4096K)
 Metaspace       used 6301K, committed 6464K, reserved 1114112K
  class space    used 745K, committed 832K, reserved 1048576K
}
Event: 1.238 GC heap before
{Heap before GC invocations=2 (full 0):
 garbage-first heap   total 393216K, used 42667K [0x0000000682800000, 0x0000000800000000)
  region size 4096K, 10 young (40960K), 1 survivors (4096K)
 Metaspace       used 14087K, committed 14336K, reserved 1114112K
  class space    used 1727K, committed 1856K, reserved 1048576K
}
Event: 1.241 GC heap after
{Heap after GC invocations=3 (full 0):
 garbage-first heap   total 393216K, used 8161K [0x0000000682800000, 0x0000000800000000)
  region size 4096K, 1 young (4096K), 1 survivors (4096K)
 Metaspace       used 14087K, committed 14336K, reserved 1114112K
  class space    used 1727K, committed 1856K, reserved 1048576K
}
Event: 2.017 GC heap before
{Heap before GC invocations=3 (full 0):
 garbage-first heap   total 393216K, used 61409K [0x0000000682800000, 0x0000000800000000)
  region size 4096K, 15 young (61440K), 1 survivors (4096K)
 Metaspace       used 21248K, committed 21504K, reserved 1114112K
  class space    used 2626K, committed 2752K, reserved 1048576K
}
Event: 2.023 GC heap after
{Heap after GC invocations=4 (full 0):
 garbage-first heap   total 393216K, used 12223K [0x0000000682800000, 0x0000000800000000)
  region size 4096K, 2 young (8192K), 2 survivors (8192K)
 Metaspace       used 21248K, committed 21504K, reserved 1114112K
  class space    used 2626K, committed 2752K, reserved 1048576K
}
Event: 2.645 GC heap before
{Heap before GC invocations=5 (full 0):
 garbage-first heap   total 69632K, used 44991K [0x0000000682800000, 0x0000000800000000)
  region size 4096K, 10 young (40960K), 2 survivors (8192K)
 Metaspace       used 27654K, committed 28032K, reserved 1114112K
  class space    used 3457K, committed 3648K, reserved 1048576K
}
Event: 2.652 GC heap after
{Heap after GC invocations=6 (full 0):
 garbage-first heap   total 69632K, used 14938K [0x0000000682800000, 0x0000000800000000)
  region size 4096K, 1 young (4096K), 1 survivors (4096K)
 Metaspace       used 27654K, committed 28032K, reserved 1114112K
  class space    used 3457K, committed 3648K, reserved 1048576K
}
Event: 2.730 GC heap before
{Heap before GC invocations=6 (full 0):
 garbage-first heap   total 69632K, used 19034K [0x0000000682800000, 0x0000000800000000)
  region size 4096K, 2 young (8192K), 1 survivors (4096K)
 Metaspace       used 28128K, committed 28544K, reserved 1114112K
  class space    used 3535K, committed 3712K, reserved 1048576K
}
Event: 2.735 GC heap after
{Heap after GC invocations=7 (full 0):
 garbage-first heap   total 69632K, used 15252K [0x0000000682800000, 0x0000000800000000)
  region size 4096K, 1 young (4096K), 1 survivors (4096K)
 Metaspace       used 28128K, committed 28544K, reserved 1114112K
  class space    used 3535K, committed 3712K, reserved 1048576K
}
Event: 3.234 GC heap before
{Heap before GC invocations=7 (full 0):
 garbage-first heap   total 69632K, used 43924K [0x0000000682800000, 0x0000000800000000)
  region size 4096K, 8 young (32768K), 1 survivors (4096K)
 Metaspace       used 32345K, committed 32832K, reserved 1114112K
  class space    used 4140K, committed 4352K, reserved 1048576K
}
Event: 3.237 GC heap after
{Heap after GC invocations=8 (full 0):
 garbage-first heap   total 233472K, used 17382K [0x0000000682800000, 0x0000000800000000)
  region size 4096K, 1 young (4096K), 1 survivors (4096K)
 Metaspace       used 32345K, committed 32832K, reserved 1114112K
  class space    used 4140K, committed 4352K, reserved 1048576K
}

